<?xml version="1.0" encoding="UTF-8"?>
<testsuite name="JUnit Vintage" tests="1" skipped="0" failures="0" errors="0" time="0.019" hostname="vibhatha-ThinkPad-P50" timestamp="2018-07-20T13:14:24">
<properties>
<property name="awt.toolkit" value="sun.awt.X11.XToolkit"/>
<property name="file.encoding" value="UTF-8"/>
<property name="file.encoding.pkg" value="sun.io"/>
<property name="file.separator" value="/"/>
<property name="java.awt.graphicsenv" value="sun.awt.X11GraphicsEnvironment"/>
<property name="java.awt.printerjob" value="sun.print.PSPrinterJob"/>
<property name="java.class.path" value="/home/vibhatha/github/bio/BinaryFileProcessor/BinaryFileProcessor/build/classes/java/test:/home/vibhatha/github/bio/BinaryFileProcessor/BinaryFileProcessor/build/resources/test:/home/vibhatha/github/bio/BinaryFileProcessor/BinaryFileProcessor/build/classes/java/main:/home/vibhatha/github/bio/BinaryFileProcessor/BinaryFileProcessor/build/resources/main:/home/vibhatha/.gradle/caches/modules-2/files-2.1/org.junit.vintage/junit-vintage-engine/5.1.0/a752dd045d08753ac77622dc83b584dc5abda1e1/junit-vintage-engine-5.1.0.jar:/home/vibhatha/.gradle/caches/modules-2/files-2.1/org.junit.platform/junit-platform-runner/1.1.0/d47029ff19c88cdf86324f29e70c6b26adad6c8b/junit-platform-runner-1.1.0.jar:/home/vibhatha/.gradle/caches/modules-2/files-2.1/junit/junit/4.12/2973d150c0dc1fefe998f834810d68f278ea58ec/junit-4.12.jar:/home/vibhatha/.gradle/caches/modules-2/files-2.1/org.junit.jupiter/junit-jupiter-engine/5.1.0/c54b96b465bb5b49c7708d734a4180dd95422754/junit-jupiter-engine-5.1.0.jar:/home/vibhatha/.gradle/caches/modules-2/files-2.1/org.junit.jupiter/junit-jupiter-api/5.1.0/370218fbc7ce9cf0600c4b5db400bccdf0c01a48/junit-jupiter-api-5.1.0.jar:/home/vibhatha/.gradle/caches/modules-2/files-2.1/org.junit.platform/junit-platform-launcher/1.1.0/ba098edde4e59cacd9225e238ea3ad9c946684ab/junit-platform-launcher-1.1.0.jar:/home/vibhatha/.gradle/caches/modules-2/files-2.1/org.hamcrest/hamcrest-core/1.3/42a25dc3219429f0e5d060061f71acb49bf010a0/hamcrest-core-1.3.jar:/home/vibhatha/.gradle/caches/modules-2/files-2.1/org.junit.platform/junit-platform-engine/1.1.0/2596bd4d909e7ea8d029272db4338075445d731b/junit-platform-engine-1.1.0.jar:/home/vibhatha/.gradle/caches/modules-2/files-2.1/org.junit.platform/junit-platform-suite-api/1.1.0/ed577e96850aec4a2e610b26b7a09fafb17faef7/junit-platform-suite-api-1.1.0.jar:/home/vibhatha/.gradle/caches/modules-2/files-2.1/org.junit.platform/junit-platform-commons/1.1.0/d6aa21029f9cedfb4cc8a9e9efc0bd97987205b8/junit-platform-commons-1.1.0.jar:/home/vibhatha/.gradle/caches/modules-2/files-2.1/org.apiguardian/apiguardian-api/1.0.0/3ef5276905e36f4d8055fe3cb0bdcc7503ffc85d/apiguardian-api-1.0.0.jar:/home/vibhatha/.gradle/caches/modules-2/files-2.1/org.opentest4j/opentest4j/1.0.0/6f09c598e9ff64bf0ce2fa7e7de49a99ba83c0b4/opentest4j-1.0.0.jar:/home/vibhatha/.gradle/caches/modules-2/files-2.1/org.junit.platform/junit-platform-console/1.1.0/1ea376db54ab4ec0018c5e99d414e1c7c034387/junit-platform-console-1.1.0.jar"/>
<property name="java.class.version" value="52.0"/>
<property name="java.endorsed.dirs" value="/home/vibhatha/Java/jdk1.8.0_151/jre/lib/endorsed"/>
<property name="java.ext.dirs" value="/home/vibhatha/Java/jdk1.8.0_151/jre/lib/ext:/usr/java/packages/lib/ext"/>
<property name="java.home" value="/home/vibhatha/Java/jdk1.8.0_151/jre"/>
<property name="java.io.tmpdir" value="/tmp"/>
<property name="java.library.path" value="/usr/local/lib:/usr/java/packages/lib/amd64:/usr/lib64:/lib64:/lib:/usr/lib"/>
<property name="java.runtime.name" value="Java(TM) SE Runtime Environment"/>
<property name="java.runtime.version" value="1.8.0_151-b12"/>
<property name="java.specification.name" value="Java Platform API Specification"/>
<property name="java.specification.vendor" value="Oracle Corporation"/>
<property name="java.specification.version" value="1.8"/>
<property name="java.vendor" value="Oracle Corporation"/>
<property name="java.vendor.url" value="http://java.oracle.com/"/>
<property name="java.vendor.url.bug" value="http://bugreport.sun.com/bugreport/"/>
<property name="java.version" value="1.8.0_151"/>
<property name="java.vm.info" value="mixed mode"/>
<property name="java.vm.name" value="Java HotSpot(TM) 64-Bit Server VM"/>
<property name="java.vm.specification.name" value="Java Virtual Machine Specification"/>
<property name="java.vm.specification.vendor" value="Oracle Corporation"/>
<property name="java.vm.specification.version" value="1.8"/>
<property name="java.vm.vendor" value="Oracle Corporation"/>
<property name="java.vm.version" value="25.151-b12"/>
<property name="line.separator" value="
"/>
<property name="os.arch" value="amd64"/>
<property name="os.name" value="Linux"/>
<property name="os.version" value="4.4.0-130-generic"/>
<property name="path.separator" value=":"/>
<property name="sun.arch.data.model" value="64"/>
<property name="sun.boot.class.path" value="/home/vibhatha/Java/jdk1.8.0_151/jre/lib/resources.jar:/home/vibhatha/Java/jdk1.8.0_151/jre/lib/rt.jar:/home/vibhatha/Java/jdk1.8.0_151/jre/lib/sunrsasign.jar:/home/vibhatha/Java/jdk1.8.0_151/jre/lib/jsse.jar:/home/vibhatha/Java/jdk1.8.0_151/jre/lib/jce.jar:/home/vibhatha/Java/jdk1.8.0_151/jre/lib/charsets.jar:/home/vibhatha/Java/jdk1.8.0_151/jre/lib/jfr.jar:/home/vibhatha/Java/jdk1.8.0_151/jre/classes"/>
<property name="sun.boot.library.path" value="/home/vibhatha/Java/jdk1.8.0_151/jre/lib/amd64"/>
<property name="sun.cpu.endian" value="little"/>
<property name="sun.cpu.isalist" value=""/>
<property name="sun.desktop" value="gnome"/>
<property name="sun.io.unicode.encoding" value="UnicodeLittle"/>
<property name="sun.java.command" value="org.junit.platform.console.ConsoleLauncher --details NONE --scan-class-path /home/vibhatha/github/bio/BinaryFileProcessor/BinaryFileProcessor/build/classes/java/main:/home/vibhatha/github/bio/BinaryFileProcessor/BinaryFileProcessor/build/resources/main:/home/vibhatha/github/bio/BinaryFileProcessor/BinaryFileProcessor/build/classes/java/test:/home/vibhatha/github/bio/BinaryFileProcessor/BinaryFileProcessor/build/resources/test -n ^.*Tests?$ --reports-dir /home/vibhatha/github/bio/BinaryFileProcessor/BinaryFileProcessor/build/test-results/junit-platform"/>
<property name="sun.java.launcher" value="SUN_STANDARD"/>
<property name="sun.jnu.encoding" value="UTF-8"/>
<property name="sun.management.compiler" value="HotSpot 64-Bit Tiered Compilers"/>
<property name="sun.os.patch.level" value="unknown"/>
<property name="user.country" value="US"/>
<property name="user.dir" value="/home/vibhatha/github/bio/BinaryFileProcessor/BinaryFileProcessor"/>
<property name="user.home" value="/home/vibhatha"/>
<property name="user.language" value="en"/>
<property name="user.name" value="vibhatha"/>
<property name="user.timezone" value="America/Indiana/Indianapolis"/>
<property name="user.variant" value=""/>
</properties>
<testcase name="simpleTest" classname="edu.iu.dsc.spidal.fileprocessor.test.BinaryFileProcessorTest" time="0.002">
<system-out><![CDATA[
unique-id: [engine:junit-vintage]/[runner:edu.iu.dsc.spidal.fileprocessor.test.BinaryFileProcessorTest]/[test:simpleTest(edu.iu.dsc.spidal.fileprocessor.test.BinaryFileProcessorTest)]
display-name: simpleTest
]]></system-out>
</testcase>
<system-out><![CDATA[
unique-id: [engine:junit-vintage]
display-name: JUnit Vintage
]]></system-out>
</testsuite>
